DealplayNewStructure/Library/Bee/Android/Prj/IL2CPP/Gradle/unityLibrary/build/intermediates/manifest_merge_blame_file/release/manifest-merger-blame-release-report.txt
1<?xml version="1.0" encoding="utf-8"?>
2<manifest xmlns:android="http://schemas.android.com/apk/res/android"
3    xmlns:tools="http://schemas.android.com/tools"
4    package="com.unity3d.player"
5    android:versionCode="9"
6    android:versionName="1.0" >
7
8    <uses-sdk
9        android:minSdkVersion="27"
9-->src\main\AndroidManifest.xml
10        android:targetSdkVersion="30" />
10-->src\main\AndroidManifest.xml
11
12    <uses-feature android:glEsVersion="0x00030000" />
12-->src\main\AndroidManifest.xml:26:3-52
12-->src\main\AndroidManifest.xml:26:17-49
13
14    <uses-permission android:name="android.permission.INTERNET" />
14-->src\main\AndroidManifest.xml:27:3-65
14-->src\main\AndroidManifest.xml:27:20-62
15    <uses-permission android:name="android.permission.ACCESS_NETWORK_STATE" />
15-->src\main\AndroidManifest.xml:28:3-77
15-->src\main\AndroidManifest.xml:28:20-74
16    <uses-permission android:name="android.permission.RECORD_AUDIO" />
16-->src\main\AndroidManifest.xml:29:3-69
16-->src\main\AndroidManifest.xml:29:20-66
17    <uses-permission android:name="android.permission.MODIFY_AUDIO_SETTINGS" />
17-->src\main\AndroidManifest.xml:30:3-78
17-->src\main\AndroidManifest.xml:30:20-75
18    <uses-permission android:name="android.permission.BLUETOOTH" />
18-->src\main\AndroidManifest.xml:31:3-66
18-->src\main\AndroidManifest.xml:31:20-63
19
20    <uses-feature
20-->src\main\AndroidManifest.xml:32:3-87
21        android:name="android.hardware.microphone"
21-->src\main\AndroidManifest.xml:32:17-59
22        android:required="false" />
22-->src\main\AndroidManifest.xml:32:60-84
23    <uses-feature
23-->src\main\AndroidManifest.xml:33:3-88
24        android:name="android.hardware.touchscreen"
24-->src\main\AndroidManifest.xml:33:17-60
25        android:required="false" />
25-->src\main\AndroidManifest.xml:33:61-85
26    <uses-feature
26-->src\main\AndroidManifest.xml:34:3-99
27        android:name="android.hardware.touchscreen.multitouch"
27-->src\main\AndroidManifest.xml:34:17-71
28        android:required="false" />
28-->src\main\AndroidManifest.xml:34:72-96
29    <uses-feature
29-->src\main\AndroidManifest.xml:35:3-108
30        android:name="android.hardware.touchscreen.multitouch.distinct"
30-->src\main\AndroidManifest.xml:35:17-80
31        android:required="false" />
31-->src\main\AndroidManifest.xml:35:81-105
32
33    <uses-permission android:name="android.permission.CAMERA" />
33-->src\main\AndroidManifest.xml:36:3-63
33-->src\main\AndroidManifest.xml:36:20-60
34
35    <uses-feature android:name="android.hardware.camera" />
35-->src\main\AndroidManifest.xml:37:3-58
35-->src\main\AndroidManifest.xml:37:17-55
36
37    <uses-permission android:name="android.permission.MICROPHONE" />
37-->src\main\AndroidManifest.xml:38:3-67
37-->src\main\AndroidManifest.xml:38:20-64
38    <uses-permission android:name="android.permission.READ_EXTERNAL_STORAGE" />
38-->src\main\AndroidManifest.xml:39:3-78
38-->src\main\AndroidManifest.xml:39:20-75
39    <uses-permission android:name="android.permission.Write_EXTERNAL_STORAGE" />
39-->src\main\AndroidManifest.xml:40:3-79
39-->src\main\AndroidManifest.xml:40:20-76
40    <uses-permission android:name="android.permission.WRITE_SETTINGS" />
40-->src\main\AndroidManifest.xml:41:3-71
40-->src\main\AndroidManifest.xml:41:20-68
41
42    <application
42-->src\main\AndroidManifest.xml:3:3-25:17
43        android:extractNativeLibs="true"
43-->src\main\AndroidManifest.xml:3:16-48
44        android:requestLegacyExternalStorage="true" >
44-->src\main\AndroidManifest.xml:3:49-92
45        <activity
45-->src\main\AndroidManifest.xml:4:5-11:16
46            android:name="com.unity3d.player.UnityPlayerActivity"
46-->src\main\AndroidManifest.xml:4:15-68
47            android:configChanges="mcc|mnc|locale|touchscreen|keyboard|keyboardHidden|navigation|orientation|screenLayout|uiMode|screenSize|smallestScreenSize|fontScale|layoutDirection|density"
47-->src\main\AndroidManifest.xml:4:181-362
48            android:hardwareAccelerated="True"
48-->src\main\AndroidManifest.xml:4:398-432
49            android:launchMode="singleTask"
49-->src\main\AndroidManifest.xml:4:149-180
50            android:resizeableActivity="false"
50-->src\main\AndroidManifest.xml:4:363-397
51            android:screenOrientation="landscape"
51-->src\main\AndroidManifest.xml:4:111-148
52            android:theme="@style/UnityThemeSelector"
52-->src\main\AndroidManifest.xml:4:69-110
53            android:usesCleartextTraffic="True" >
53-->src\main\AndroidManifest.xml:4:433-468
54            <intent-filter>
54-->src\main\AndroidManifest.xml:5:7-8:23
55                <action android:name="android.intent.action.MAIN" />
55-->src\main\AndroidManifest.xml:6:9-61
55-->src\main\AndroidManifest.xml:6:17-58
56
57                <category android:name="android.intent.category.LAUNCHER" />
57-->src\main\AndroidManifest.xml:7:9-69
57-->src\main\AndroidManifest.xml:7:19-66
58            </intent-filter>
59
60            <meta-data
60-->src\main\AndroidManifest.xml:9:7-82
61                android:name="unityplayer.UnityActivity"
61-->src\main\AndroidManifest.xml:9:18-58
62                android:value="true" />
62-->src\main\AndroidManifest.xml:9:59-79
63            <meta-data
63-->src\main\AndroidManifest.xml:10:7-78
64                android:name="android.notch_support"
64-->src\main\AndroidManifest.xml:10:18-54
65                android:value="true" />
65-->src\main\AndroidManifest.xml:10:55-75
66        </activity>
67
68        <meta-data
68-->src\main\AndroidManifest.xml:12:5-69
69            android:name="unity.splash-mode"
69-->src\main\AndroidManifest.xml:12:16-48
70            android:value="0" />
70-->src\main\AndroidManifest.xml:12:49-66
71        <meta-data
71-->src\main\AndroidManifest.xml:13:5-74
72            android:name="unity.splash-enable"
72-->src\main\AndroidManifest.xml:13:16-50
73            android:value="True" />
73-->src\main\AndroidManifest.xml:13:51-71
74        <meta-data
74-->src\main\AndroidManifest.xml:14:5-78
75            android:name="unity.launch-fullscreen"
75-->src\main\AndroidManifest.xml:14:16-54
76            android:value="True" />
76-->src\main\AndroidManifest.xml:14:55-75
77        <meta-data
77-->src\main\AndroidManifest.xml:15:5-84
78            android:name="unity.allow-resizable-window"
78-->src\main\AndroidManifest.xml:15:16-59
79            android:value="False" />
79-->src\main\AndroidManifest.xml:15:60-81
80        <meta-data
80-->src\main\AndroidManifest.xml:16:5-81
81            android:name="notch.config"
81-->src\main\AndroidManifest.xml:16:16-43
82            android:value="portrait|landscape" />
82-->src\main\AndroidManifest.xml:16:44-78
83        <meta-data
83-->src\main\AndroidManifest.xml:17:5-65
84            android:name="pvr.app.type"
84-->src\main\AndroidManifest.xml:17:16-43
85            android:value="vr" />
85-->src\main\AndroidManifest.xml:17:44-62
86        <meta-data
86-->src\main\AndroidManifest.xml:18:5-85
87            android:name="pvr.sdk.version"
87-->src\main\AndroidManifest.xml:18:16-46
88            android:value="XR Platform_2.1.1.3" />
88-->src\main\AndroidManifest.xml:18:47-82
89        <meta-data
89-->src\main\AndroidManifest.xml:19:5-62
90            android:name="enable_cpt"
90-->src\main\AndroidManifest.xml:19:16-41
91            android:value="0" />
91-->src\main\AndroidManifest.xml:19:42-59
92        <meta-data
92-->src\main\AndroidManifest.xml:20:5-75
93            android:name="enable_entitlementcheck"
93-->src\main\AndroidManifest.xml:20:16-54
94            android:value="0" />
94-->src\main\AndroidManifest.xml:20:55-72
95        <meta-data
95-->src\main\AndroidManifest.xml:21:5-64
96            android:name="handtracking"
96-->src\main\AndroidManifest.xml:21:16-43
97            android:value="0" />
97-->src\main\AndroidManifest.xml:21:44-61
98        <meta-data
98-->src\main\AndroidManifest.xml:22:5-66
99            android:name="rendering_mode"
99-->src\main\AndroidManifest.xml:22:16-45
100            android:value="0" />
100-->src\main\AndroidManifest.xml:22:46-63
101        <meta-data
101-->src\main\AndroidManifest.xml:23:5-64
102            android:name="display_rate"
102-->src\main\AndroidManifest.xml:23:16-43
103            android:value="0" />
103-->src\main\AndroidManifest.xml:23:44-61
104        <meta-data
104-->src\main\AndroidManifest.xml:24:5-63
105            android:name="color_Space"
105-->src\main\AndroidManifest.xml:24:16-42
106            android:value="1" />
106-->src\main\AndroidManifest.xml:24:43-60
107    </application>
108
109</manifest>